{"/home/daniel/projects/unit-integration-tests/src/controller/employee.js": {"path":"/home/daniel/projects/unit-integration-tests/src/controller/employee.js","statementMap":{"0":{"start":{"line":1,"column":22},"end":{"line":1,"column":50}},"1":{"start":{"line":2,"column":12},"end":{"line":2,"column":32}},"2":{"start":{"line":3,"column":15},"end":{"line":3,"column":32}},"3":{"start":{"line":4,"column":12},"end":{"line":4,"column":35}},"4":{"start":{"line":7,"column":15},"end":{"line":24,"column":2}},"5":{"start":{"line":26,"column":20},"end":{"line":36,"column":2}},"6":{"start":{"line":38,"column":0},"end":{"line":69,"column":1}},"7":{"start":{"line":39,"column":2},"end":{"line":68,"column":3}},"8":{"start":{"line":41,"column":18},"end":{"line":41,"column":43}},"9":{"start":{"line":43,"column":4},"end":{"line":45,"column":5}},"10":{"start":{"line":44,"column":6},"end":{"line":44,"column":33}},"11":{"start":{"line":47,"column":24},"end":{"line":49,"column":6}},"12":{"start":{"line":51,"column":4},"end":{"line":55,"column":5}},"13":{"start":{"line":52,"column":6},"end":{"line":54,"column":7}},"14":{"start":{"line":57,"column":17},"end":{"line":57,"column":41}},"15":{"start":{"line":58,"column":28},"end":{"line":58,"column":70}},"16":{"start":{"line":59,"column":4},"end":{"line":59,"column":39}},"17":{"start":{"line":60,"column":21},"end":{"line":60,"column":58}},"18":{"start":{"line":62,"column":4},"end":{"line":64,"column":6}},"19":{"start":{"line":66,"column":4},"end":{"line":66,"column":22}},"20":{"start":{"line":67,"column":4},"end":{"line":67,"column":29}},"21":{"start":{"line":71,"column":0},"end":{"line":86,"column":1}},"22":{"start":{"line":72,"column":2},"end":{"line":85,"column":3}},"23":{"start":{"line":73,"column":22},"end":{"line":73,"column":48}},"24":{"start":{"line":75,"column":4},"end":{"line":80,"column":5}},"25":{"start":{"line":76,"column":6},"end":{"line":78,"column":15}},"26":{"start":{"line":79,"column":6},"end":{"line":79,"column":12}},"27":{"start":{"line":82,"column":4},"end":{"line":82,"column":35}},"28":{"start":{"line":84,"column":4},"end":{"line":84,"column":31}},"29":{"start":{"line":88,"column":0},"end":{"line":106,"column":1}},"30":{"start":{"line":89,"column":2},"end":{"line":105,"column":3}},"31":{"start":{"line":91,"column":21},"end":{"line":91,"column":65}},"32":{"start":{"line":93,"column":4},"end":{"line":100,"column":5}},"33":{"start":{"line":94,"column":6},"end":{"line":98,"column":14}},"34":{"start":{"line":99,"column":6},"end":{"line":99,"column":12}},"35":{"start":{"line":102,"column":4},"end":{"line":102,"column":34}},"36":{"start":{"line":104,"column":4},"end":{"line":104,"column":32}},"37":{"start":{"line":108,"column":0},"end":{"line":127,"column":1}},"38":{"start":{"line":109,"column":2},"end":{"line":126,"column":3}},"39":{"start":{"line":111,"column":21},"end":{"line":117,"column":5}},"40":{"start":{"line":119,"column":4},"end":{"line":121,"column":5}},"41":{"start":{"line":120,"column":6},"end":{"line":120,"column":42}},"42":{"start":{"line":123,"column":4},"end":{"line":123,"column":34}},"43":{"start":{"line":125,"column":4},"end":{"line":125,"column":31}},"44":{"start":{"line":129,"column":0},"end":{"line":144,"column":1}},"45":{"start":{"line":130,"column":2},"end":{"line":143,"column":3}},"46":{"start":{"line":132,"column":21},"end":{"line":134,"column":5}},"47":{"start":{"line":136,"column":4},"end":{"line":138,"column":5}},"48":{"start":{"line":137,"column":6},"end":{"line":137,"column":42}},"49":{"start":{"line":140,"column":4},"end":{"line":140,"column":26}},"50":{"start":{"line":142,"column":4},"end":{"line":142,"column":31}},"51":{"start":{"line":146,"column":0},"end":{"line":185,"column":1}},"52":{"start":{"line":147,"column":2},"end":{"line":184,"column":3}},"53":{"start":{"line":149,"column":18},"end":{"line":149,"column":48}},"54":{"start":{"line":151,"column":4},"end":{"line":153,"column":5}},"55":{"start":{"line":152,"column":6},"end":{"line":152,"column":33}},"56":{"start":{"line":155,"column":21},"end":{"line":157,"column":6}},"57":{"start":{"line":159,"column":4},"end":{"line":163,"column":5}},"58":{"start":{"line":160,"column":6},"end":{"line":162,"column":7}},"59":{"start":{"line":165,"column":29},"end":{"line":168,"column":7}},"60":{"start":{"line":170,"column":4},"end":{"line":172,"column":5}},"61":{"start":{"line":171,"column":6},"end":{"line":171,"column":49}},"62":{"start":{"line":174,"column":21},"end":{"line":176,"column":47}},"63":{"start":{"line":178,"column":4},"end":{"line":178,"column":38}},"64":{"start":{"line":179,"column":4},"end":{"line":179,"column":34}},"65":{"start":{"line":182,"column":4},"end":{"line":182,"column":22}},"66":{"start":{"line":183,"column":4},"end":{"line":183,"column":29}}},"fnMap":{"0":{"name":"(anonymous_0)","decl":{"start":{"line":38,"column":25},"end":{"line":38,"column":26}},"loc":{"start":{"line":38,"column":51},"end":{"line":69,"column":1}},"line":38},"1":{"name":"(anonymous_1)","decl":{"start":{"line":71,"column":26},"end":{"line":71,"column":27}},"loc":{"start":{"line":71,"column":52},"end":{"line":86,"column":1}},"line":71},"2":{"name":"(anonymous_2)","decl":{"start":{"line":88,"column":26},"end":{"line":88,"column":27}},"loc":{"start":{"line":88,"column":52},"end":{"line":106,"column":1}},"line":88},"3":{"name":"(anonymous_3)","decl":{"start":{"line":108,"column":29},"end":{"line":108,"column":30}},"loc":{"start":{"line":108,"column":55},"end":{"line":127,"column":1}},"line":108},"4":{"name":"(anonymous_4)","decl":{"start":{"line":129,"column":29},"end":{"line":129,"column":30}},"loc":{"start":{"line":129,"column":55},"end":{"line":144,"column":1}},"line":129},"5":{"name":"(anonymous_5)","decl":{"start":{"line":146,"column":24},"end":{"line":146,"column":25}},"loc":{"start":{"line":146,"column":50},"end":{"line":185,"column":1}},"line":146}},"branchMap":{"0":{"loc":{"start":{"line":43,"column":4},"end":{"line":45,"column":5}},"type":"if","locations":[{"start":{"line":43,"column":4},"end":{"line":45,"column":5}},{"start":{},"end":{}}],"line":43},"1":{"loc":{"start":{"line":43,"column":7},"end":{"line":43,"column":34}},"type":"binary-expr","locations":[{"start":{"line":43,"column":7},"end":{"line":43,"column":18}},{"start":{"line":43,"column":22},"end":{"line":43,"column":34}}],"line":43},"2":{"loc":{"start":{"line":51,"column":4},"end":{"line":55,"column":5}},"type":"if","locations":[{"start":{"line":51,"column":4},"end":{"line":55,"column":5}},{"start":{},"end":{}}],"line":51},"3":{"loc":{"start":{"line":75,"column":4},"end":{"line":80,"column":5}},"type":"if","locations":[{"start":{"line":75,"column":4},"end":{"line":80,"column":5}},{"start":{},"end":{}}],"line":75},"4":{"loc":{"start":{"line":93,"column":4},"end":{"line":100,"column":5}},"type":"if","locations":[{"start":{"line":93,"column":4},"end":{"line":100,"column":5}},{"start":{},"end":{}}],"line":93},"5":{"loc":{"start":{"line":119,"column":4},"end":{"line":121,"column":5}},"type":"if","locations":[{"start":{"line":119,"column":4},"end":{"line":121,"column":5}},{"start":{},"end":{}}],"line":119},"6":{"loc":{"start":{"line":136,"column":4},"end":{"line":138,"column":5}},"type":"if","locations":[{"start":{"line":136,"column":4},"end":{"line":138,"column":5}},{"start":{},"end":{}}],"line":136},"7":{"loc":{"start":{"line":151,"column":4},"end":{"line":153,"column":5}},"type":"if","locations":[{"start":{"line":151,"column":4},"end":{"line":153,"column":5}},{"start":{},"end":{}}],"line":151},"8":{"loc":{"start":{"line":151,"column":7},"end":{"line":151,"column":34}},"type":"binary-expr","locations":[{"start":{"line":151,"column":7},"end":{"line":151,"column":18}},{"start":{"line":151,"column":22},"end":{"line":151,"column":34}}],"line":151},"9":{"loc":{"start":{"line":159,"column":4},"end":{"line":163,"column":5}},"type":"if","locations":[{"start":{"line":159,"column":4},"end":{"line":163,"column":5}},{"start":{},"end":{}}],"line":159},"10":{"loc":{"start":{"line":170,"column":4},"end":{"line":172,"column":5}},"type":"if","locations":[{"start":{"line":170,"column":4},"end":{"line":172,"column":5}},{"start":{},"end":{}}],"line":170}},"s":{"0":3,"1":3,"2":3,"3":3,"4":3,"5":3,"6":3,"7":0,"8":0,"9":0,"10":0,"11":0,"12":0,"13":0,"14":0,"15":0,"16":0,"17":0,"18":0,"19":0,"20":0,"21":3,"22":3,"23":3,"24":2,"25":1,"26":1,"27":1,"28":1,"29":3,"30":3,"31":3,"32":2,"33":1,"34":1,"35":1,"36":1,"37":3,"38":1,"39":1,"40":1,"41":0,"42":1,"43":0,"44":3,"45":0,"46":0,"47":0,"48":0,"49":0,"50":0,"51":3,"52":0,"53":0,"54":0,"55":0,"56":0,"57":0,"58":0,"59":0,"60":0,"61":0,"62":0,"63":0,"64":0,"65":0,"66":0},"f":{"0":0,"1":3,"2":3,"3":1,"4":0,"5":0},"b":{"0":[0,0],"1":[0,0],"2":[0,0],"3":[1,1],"4":[1,1],"5":[0,1],"6":[0,0],"7":[0,0],"8":[0,0],"9":[0,0],"10":[0,0]},"_coverageSchema":"1a1c01bbd47fc00a2c39e90264f33305004495a9","hash":"211f68116308fa4e0e8a39c8a49f8964a50b91f1"}
,"/home/daniel/projects/unit-integration-tests/src/model/employee.js": {"path":"/home/daniel/projects/unit-integration-tests/src/model/employee.js","statementMap":{"0":{"start":{"line":1,"column":17},"end":{"line":1,"column":36}},"1":{"start":{"line":3,"column":22},"end":{"line":28,"column":2}},"2":{"start":{"line":30,"column":0},"end":{"line":30,"column":24}},"3":{"start":{"line":31,"column":22},"end":{"line":31,"column":90}},"4":{"start":{"line":32,"column":0},"end":{"line":32,"column":30}}},"fnMap":{},"branchMap":{},"s":{"0":3,"1":3,"2":3,"3":3,"4":3},"f":{},"b":{},"_coverageSchema":"1a1c01bbd47fc00a2c39e90264f33305004495a9","hash":"b112efeee6e508fb679fa43ac00da674e5e2546f"}
}
