TN:
SF:src/controller/employee.js
FN:38,(anonymous_0)
FN:71,(anonymous_1)
FN:88,(anonymous_2)
FN:108,(anonymous_3)
FN:129,(anonymous_4)
FN:146,(anonymous_5)
FNF:6
FNH:3
FNDA:0,(anonymous_0)
FNDA:3,(anonymous_1)
FNDA:3,(anonymous_2)
FNDA:1,(anonymous_3)
FNDA:0,(anonymous_4)
FNDA:0,(anonymous_5)
DA:1,3
DA:2,3
DA:3,3
DA:4,3
DA:7,3
DA:26,3
DA:38,3
DA:39,0
DA:41,0
DA:43,0
DA:44,0
DA:47,0
DA:51,0
DA:52,0
DA:57,0
DA:58,0
DA:59,0
DA:60,0
DA:62,0
DA:66,0
DA:67,0
DA:71,3
DA:72,3
DA:73,3
DA:75,2
DA:76,1
DA:79,1
DA:82,1
DA:84,1
DA:88,3
DA:89,3
DA:91,3
DA:93,2
DA:94,1
DA:99,1
DA:102,1
DA:104,1
DA:108,3
DA:109,1
DA:111,1
DA:119,1
DA:120,0
DA:123,1
DA:125,0
DA:129,3
DA:130,0
DA:132,0
DA:136,0
DA:137,0
DA:140,0
DA:142,0
DA:146,3
DA:147,0
DA:149,0
DA:151,0
DA:152,0
DA:155,0
DA:159,0
DA:160,0
DA:165,0
DA:170,0
DA:171,0
DA:174,0
DA:178,0
DA:179,0
DA:182,0
DA:183,0
LF:67
LH:30
BRDA:43,0,0,0
BRDA:43,0,1,0
BRDA:43,1,0,0
BRDA:43,1,1,0
BRDA:51,2,0,0
BRDA:51,2,1,0
BRDA:75,3,0,1
BRDA:75,3,1,1
BRDA:93,4,0,1
BRDA:93,4,1,1
BRDA:119,5,0,0
BRDA:119,5,1,1
BRDA:136,6,0,0
BRDA:136,6,1,0
BRDA:151,7,0,0
BRDA:151,7,1,0
BRDA:151,8,0,0
BRDA:151,8,1,0
BRDA:159,9,0,0
BRDA:159,9,1,0
BRDA:170,10,0,0
BRDA:170,10,1,0
BRF:22
BRH:5
end_of_record
TN:
SF:src/model/employee.js
FNF:0
FNH:0
DA:1,3
DA:3,3
DA:30,3
DA:31,3
DA:32,3
LF:5
LH:5
BRF:0
BRH:0
end_of_record
